  DealWithShader.cpp
  Source.cpp
C:\Users\e\Desktop\ok\HW3\HW3\Source.cpp(83,19): warning C4244: '=': 將 'double' 轉換為 'float'，由於類型不同，可能導致資料遺失
C:\Users\e\Desktop\ok\HW3\HW3\Source.cpp(275,63): warning C4267: '引數': 將 'size_t' 轉換為 'GLsizei'，資料可能遺失
  VAOVBOEBO_Shit.cpp
  正在產生程式碼...
  glad.c
glfw3.lib(context.obj) : warning LNK4099: 找不到 PDB 'glfw.pdb' (有 'glfw3.lib(context.obj)' 或位於 'C:\Users\e\Desktop\ok\HW3\x64\Debug\glfw.pdb')，當做沒有偵錯資訊，連結物件
glfw3.lib(init.obj) : warning LNK4099: 找不到 PDB 'glfw.pdb' (有 'glfw3.lib(init.obj)' 或位於 'C:\Users\e\Desktop\ok\HW3\x64\Debug\glfw.pdb')，當做沒有偵錯資訊，連結物件
glfw3.lib(input.obj) : warning LNK4099: 找不到 PDB 'glfw.pdb' (有 'glfw3.lib(input.obj)' 或位於 'C:\Users\e\Desktop\ok\HW3\x64\Debug\glfw.pdb')，當做沒有偵錯資訊，連結物件
glfw3.lib(monitor.obj) : warning LNK4099: 找不到 PDB 'glfw.pdb' (有 'glfw3.lib(monitor.obj)' 或位於 'C:\Users\e\Desktop\ok\HW3\x64\Debug\glfw.pdb')，當做沒有偵錯資訊，連結物件
glfw3.lib(vulkan.obj) : warning LNK4099: 找不到 PDB 'glfw.pdb' (有 'glfw3.lib(vulkan.obj)' 或位於 'C:\Users\e\Desktop\ok\HW3\x64\Debug\glfw.pdb')，當做沒有偵錯資訊，連結物件
glfw3.lib(window.obj) : warning LNK4099: 找不到 PDB 'glfw.pdb' (有 'glfw3.lib(window.obj)' 或位於 'C:\Users\e\Desktop\ok\HW3\x64\Debug\glfw.pdb')，當做沒有偵錯資訊，連結物件
glfw3.lib(win32_init.obj) : warning LNK4099: 找不到 PDB 'glfw.pdb' (有 'glfw3.lib(win32_init.obj)' 或位於 'C:\Users\e\Desktop\ok\HW3\x64\Debug\glfw.pdb')，當做沒有偵錯資訊，連結物件
glfw3.lib(win32_joystick.obj) : warning LNK4099: 找不到 PDB 'glfw.pdb' (有 'glfw3.lib(win32_joystick.obj)' 或位於 'C:\Users\e\Desktop\ok\HW3\x64\Debug\glfw.pdb')，當做沒有偵錯資訊，連結物件
glfw3.lib(win32_monitor.obj) : warning LNK4099: 找不到 PDB 'glfw.pdb' (有 'glfw3.lib(win32_monitor.obj)' 或位於 'C:\Users\e\Desktop\ok\HW3\x64\Debug\glfw.pdb')，當做沒有偵錯資訊，連結物件
glfw3.lib(win32_time.obj) : warning LNK4099: 找不到 PDB 'glfw.pdb' (有 'glfw3.lib(win32_time.obj)' 或位於 'C:\Users\e\Desktop\ok\HW3\x64\Debug\glfw.pdb')，當做沒有偵錯資訊，連結物件
glfw3.lib(win32_thread.obj) : warning LNK4099: 找不到 PDB 'glfw.pdb' (有 'glfw3.lib(win32_thread.obj)' 或位於 'C:\Users\e\Desktop\ok\HW3\x64\Debug\glfw.pdb')，當做沒有偵錯資訊，連結物件
glfw3.lib(win32_window.obj) : warning LNK4099: 找不到 PDB 'glfw.pdb' (有 'glfw3.lib(win32_window.obj)' 或位於 'C:\Users\e\Desktop\ok\HW3\x64\Debug\glfw.pdb')，當做沒有偵錯資訊，連結物件
glfw3.lib(wgl_context.obj) : warning LNK4099: 找不到 PDB 'glfw.pdb' (有 'glfw3.lib(wgl_context.obj)' 或位於 'C:\Users\e\Desktop\ok\HW3\x64\Debug\glfw.pdb')，當做沒有偵錯資訊，連結物件
glfw3.lib(egl_context.obj) : warning LNK4099: 找不到 PDB 'glfw.pdb' (有 'glfw3.lib(egl_context.obj)' 或位於 'C:\Users\e\Desktop\ok\HW3\x64\Debug\glfw.pdb')，當做沒有偵錯資訊，連結物件
glfw3.lib(osmesa_context.obj) : warning LNK4099: 找不到 PDB 'glfw.pdb' (有 'glfw3.lib(osmesa_context.obj)' 或位於 'C:\Users\e\Desktop\ok\HW3\x64\Debug\glfw.pdb')，當做沒有偵錯資訊，連結物件
  HW3.vcxproj -> C:\Users\e\Desktop\ok\HW3\x64\Debug\HW3.exe
