  Camera.cpp
  EBO.cpp
  imgui.cpp
  imgui_demo.cpp
  imgui_draw.cpp
  imgui_impl_glfw.cpp
  imgui_impl_opengl3.cpp
  imgui_tables.cpp
  imgui_widgets.cpp
  Main.cpp
  Mesh.cpp
C:\Users\e\Desktop\ok\OpenGL_final_proj\Mesh.cpp(84,62): warning C4267: '引數': 將 'size_t' 轉換為 'GLsizei'，資料可能遺失
C:\Users\e\Desktop\ok\OpenGL_final_proj\Mesh.cpp(88,66): warning C4267: '引數': 將 'size_t' 轉換為 'GLsizei'，資料可能遺失
  Model.cpp
C:\Users\e\Desktop\ok\OpenGL_final_proj\Model.cpp(262,94): warning C4267: '引數': 將 'size_t' 轉換為 'GLuint'，資料可能遺失
C:\Users\e\Desktop\ok\OpenGL_final_proj\Model.cpp(270,96): warning C4267: '引數': 將 'size_t' 轉換為 'GLuint'，資料可能遺失
  shaderClass.cpp
  stb.cpp
  Texture.cpp
  VAO.cpp
C:\Users\e\Desktop\ok\OpenGL_final_proj\VAO.cpp(13,63): warning C4244: '引數': 將 'GLsizeiptr' 轉換為 'GLsizei'，由於類型不同，可能導致資料遺失
  VBO.cpp
  正在產生程式碼...
  glad.c
  LINK : 最後的累加連結找不到或未建置 C:\Users\e\Desktop\ok\OpenGL_final_proj\x64\Debug\FinalProject.exe，正在執行完整連結
glfw3.lib(context.obj) : warning LNK4099: 找不到 PDB 'glfw.pdb' (有 'glfw3.lib(context.obj)' 或位於 'C:\Users\e\Desktop\ok\OpenGL_final_proj\x64\Debug\glfw.pdb')，當做沒有偵錯資訊，連結物件
glfw3.lib(init.obj) : warning LNK4099: 找不到 PDB 'glfw.pdb' (有 'glfw3.lib(init.obj)' 或位於 'C:\Users\e\Desktop\ok\OpenGL_final_proj\x64\Debug\glfw.pdb')，當做沒有偵錯資訊，連結物件
glfw3.lib(input.obj) : warning LNK4099: 找不到 PDB 'glfw.pdb' (有 'glfw3.lib(input.obj)' 或位於 'C:\Users\e\Desktop\ok\OpenGL_final_proj\x64\Debug\glfw.pdb')，當做沒有偵錯資訊，連結物件
glfw3.lib(monitor.obj) : warning LNK4099: 找不到 PDB 'glfw.pdb' (有 'glfw3.lib(monitor.obj)' 或位於 'C:\Users\e\Desktop\ok\OpenGL_final_proj\x64\Debug\glfw.pdb')，當做沒有偵錯資訊，連結物件
glfw3.lib(vulkan.obj) : warning LNK4099: 找不到 PDB 'glfw.pdb' (有 'glfw3.lib(vulkan.obj)' 或位於 'C:\Users\e\Desktop\ok\OpenGL_final_proj\x64\Debug\glfw.pdb')，當做沒有偵錯資訊，連結物件
glfw3.lib(window.obj) : warning LNK4099: 找不到 PDB 'glfw.pdb' (有 'glfw3.lib(window.obj)' 或位於 'C:\Users\e\Desktop\ok\OpenGL_final_proj\x64\Debug\glfw.pdb')，當做沒有偵錯資訊，連結物件
glfw3.lib(win32_init.obj) : warning LNK4099: 找不到 PDB 'glfw.pdb' (有 'glfw3.lib(win32_init.obj)' 或位於 'C:\Users\e\Desktop\ok\OpenGL_final_proj\x64\Debug\glfw.pdb')，當做沒有偵錯資訊，連結物件
glfw3.lib(win32_joystick.obj) : warning LNK4099: 找不到 PDB 'glfw.pdb' (有 'glfw3.lib(win32_joystick.obj)' 或位於 'C:\Users\e\Desktop\ok\OpenGL_final_proj\x64\Debug\glfw.pdb')，當做沒有偵錯資訊，連結物件
glfw3.lib(win32_monitor.obj) : warning LNK4099: 找不到 PDB 'glfw.pdb' (有 'glfw3.lib(win32_monitor.obj)' 或位於 'C:\Users\e\Desktop\ok\OpenGL_final_proj\x64\Debug\glfw.pdb')，當做沒有偵錯資訊，連結物件
glfw3.lib(win32_time.obj) : warning LNK4099: 找不到 PDB 'glfw.pdb' (有 'glfw3.lib(win32_time.obj)' 或位於 'C:\Users\e\Desktop\ok\OpenGL_final_proj\x64\Debug\glfw.pdb')，當做沒有偵錯資訊，連結物件
glfw3.lib(win32_thread.obj) : warning LNK4099: 找不到 PDB 'glfw.pdb' (有 'glfw3.lib(win32_thread.obj)' 或位於 'C:\Users\e\Desktop\ok\OpenGL_final_proj\x64\Debug\glfw.pdb')，當做沒有偵錯資訊，連結物件
glfw3.lib(win32_window.obj) : warning LNK4099: 找不到 PDB 'glfw.pdb' (有 'glfw3.lib(win32_window.obj)' 或位於 'C:\Users\e\Desktop\ok\OpenGL_final_proj\x64\Debug\glfw.pdb')，當做沒有偵錯資訊，連結物件
glfw3.lib(wgl_context.obj) : warning LNK4099: 找不到 PDB 'glfw.pdb' (有 'glfw3.lib(wgl_context.obj)' 或位於 'C:\Users\e\Desktop\ok\OpenGL_final_proj\x64\Debug\glfw.pdb')，當做沒有偵錯資訊，連結物件
glfw3.lib(egl_context.obj) : warning LNK4099: 找不到 PDB 'glfw.pdb' (有 'glfw3.lib(egl_context.obj)' 或位於 'C:\Users\e\Desktop\ok\OpenGL_final_proj\x64\Debug\glfw.pdb')，當做沒有偵錯資訊，連結物件
glfw3.lib(osmesa_context.obj) : warning LNK4099: 找不到 PDB 'glfw.pdb' (有 'glfw3.lib(osmesa_context.obj)' 或位於 'C:\Users\e\Desktop\ok\OpenGL_final_proj\x64\Debug\glfw.pdb')，當做沒有偵錯資訊，連結物件
  FinalProject.vcxproj -> C:\Users\e\Desktop\ok\OpenGL_final_proj\x64\Debug\FinalProject.exe
